{
  "0 debug pnpm:scope": {
    "selected": 1
  },
  "1 error pnpm": {
    "code": "ELIFECYCLE",
    "errno": "ENOENT",
    "syscall": "spawn",
    "file": "sh",
    "pkgid": "lsp-journals-calendar@0.0.1",
    "stage": "build",
    "script": "vite build",
    "pkgname": "lsp-journals-calendar",
    "err": {
      "name": "pnpm",
      "message": "lsp-journals-calendar@0.0.1 build: `vite build`\nspawn ENOENT",
      "code": "ELIFECYCLE",
      "stack": "pnpm: lsp-journals-calendar@0.0.1 build: `vite build`\nspawn ENOENT\n    at ChildProcess.<anonymous> (/Users/zidingzhang/Library/pnpm/global/5/.pnpm/pnpm@7.0.1/node_modules/pnpm/dist/pnpm.cjs:93293:22)\n    at ChildProcess.emit (node:events:520:28)\n    at maybeClose (node:internal/child_process:1092:16)\n    at Process.ChildProcess._handle.onexit (node:internal/child_process:302:5)"
    }
  },
  "2 warn pnpm:global": " Local package.json exists, but node_modules missing, did you mean to install?"
}